<?xml version="1.0" encoding="utf-8" standalone="no"?>
<!--This file represents the results of running a test suite-->
<test-results name="C:\Users\drossokhovatskiy\Documents\Visual Studio 2010\Projects\ClassLibrary2\ClassLibrary2\bin\Debug\ClassLibrary2.dll" total="1" errors="0" failures="0" not-run="0" inconclusive="0" ignored="0" skipped="0" invalid="0" date="2012-10-12" time="11:08:51">
  <environment nunit-version="2.6.0.12051" clr-version="2.0.50727.5456" os-version="Microsoft Windows NT 6.1.7601 Service Pack 1" platform="Win32NT" cwd="C:\Users\drossokhovatskiy\Documents\Visual Studio 2010\Projects\ClassLibrary2\NUnit-2.6.0.12051\NUnit-2.6.0.12051\bin" machine-name="ROSSOKHOVATSKIY" user="drossokhovatskiy" user-domain="UNIVERSE" />
  <culture-info current-culture="ru-RU" current-uiculture="en-US" />
  <test-suite type="Assembly" name="C:\Users\drossokhovatskiy\Documents\Visual Studio 2010\Projects\ClassLibrary2\ClassLibrary2\bin\Debug\ClassLibrary2.dll" executed="True" result="Success" success="True" time="18.992" asserts="0">
    <results>
      <test-suite type="Namespace" name="TestingProject" executed="True" result="Success" success="True" time="18.960" asserts="0">
        <results>
          <test-suite type="TestFixture" name="LoginTests" executed="True" result="Success" success="True" time="18.960" asserts="0">
            <results>
              <test-case name="TestingProject.LoginTests.AssertLogin" executed="True" result="Success" success="True" time="6.276" asserts="0" />
            </results>
          </test-suite>
        </results>
      </test-suite>
    </results>
  </test-suite>
</test-results>